19:59:24.895 skipping bootstrap configuration: could not find or read file: classpath:karate-config.js
19:59:26.571 request:
1 > GET https://reqres.in/api/users%3Fpage=2
1 > Accept-Encoding: gzip,deflate
1 > Connection: Keep-Alive
1 > Content-Type: application/json; charset=utf-8
1 > Host: reqres.in
1 > User-Agent: Apache-HttpClient/4.5.12 (Java/1.8.0_271)

19:59:27.809 response time in milliseconds: 1234.20
1 < 200
1 < Access-Control-Allow-Origin: *
1 < Age: 819
1 < CF-Cache-Status: HIT
1 < CF-RAY: 64e456e63ff1942b-NRT
1 < Cache-Control: max-age=14400
1 < Connection: keep-alive
1 < Content-Type: application/json; charset=utf-8
1 < Date: Wed, 12 May 2021 14:29:28 GMT
1 < Etag: W/"2c1-N6Rqerxquq2kgQhL51EiSg4x0R8"
1 < Expect-CT: max-age=604800, report-uri="https://report-uri.cloudflare.com/cdn-cgi/beacon/expect-ct"
1 < NEL: {"report_to":"cf-nel","max_age":604800}
1 < Report-To: {"endpoints":[{"url":"https:\/\/a.nel.cloudflare.com\/report?s=SsB0HpE6ekMSVmdKt3k3tUuhlFdV%2BiTTsS9A4UT1IWjhYVFkn7CFYsEVLcPE0T4Nk%2Bf2IvnZiHdePmDH67J8ulOunxMbFsJs%2BmY%3D"}],"group":"cf-nel","max_age":604800}
1 < Server: cloudflare
1 < Transfer-Encoding: chunked
1 < Vary: Accept-Encoding
1 < Via: 1.1 vegur
1 < X-Powered-By: Express
1 < alt-svc: h3-27=":443"; ma=86400, h3-28=":443"; ma=86400, h3-29=":443"; ma=86400
1 < cf-request-id: 0a0294a3e90000942b84343000000001
{"page":1,"per_page":6,"total":12,"total_pages":2,"data":[{"id":1,"name":"cerulean","year":2000,"color":"#98B2D1","pantone_value":"15-4020"},{"id":2,"name":"fuchsia rose","year":2001,"color":"#C74375","pantone_value":"17-2031"},{"id":3,"name":"true red","year":2002,"color":"#BF1932","pantone_value":"19-1664"},{"id":4,"name":"aqua sky","year":2003,"color":"#7BC4C4","pantone_value":"14-4811"},{"id":5,"name":"tigerlily","year":2004,"color":"#E2583E","pantone_value":"17-1456"},{"id":6,"name":"blue turquoise","year":2005,"color":"#53B0AE","pantone_value":"15-5217"}],"support":{"url":"https://reqres.in/#support-heading","text":"To keep ReqRes free, contributions towards server costs are appreciated!"}}

19:59:27.885 [print] {
  "per_page": 6,
  "total": 12,
  "data": [
    {
      "color": "#98B2D1",
      "year": 2000,
      "name": "cerulean",
      "id": 1,
      "pantone_value": "15-4020"
    },
    {
      "color": "#C74375",
      "year": 2001,
      "name": "fuchsia rose",
      "id": 2,
      "pantone_value": "17-2031"
    },
    {
      "color": "#BF1932",
      "year": 2002,
      "name": "true red",
      "id": 3,
      "pantone_value": "19-1664"
    },
    {
      "color": "#7BC4C4",
      "year": 2003,
      "name": "aqua sky",
      "id": 4,
      "pantone_value": "14-4811"
    },
    {
      "color": "#E2583E",
      "year": 2004,
      "name": "tigerlily",
      "id": 5,
      "pantone_value": "17-1456"
    },
    {
      "color": "#53B0AE",
      "year": 2005,
      "name": "blue turquoise",
      "id": 6,
      "pantone_value": "15-5217"
    }
  ],
  "page": 1,
  "total_pages": 2,
  "support": {
    "text": "To keep ReqRes free, contributions towards server costs are appreciated!",
    "url": "https://reqres.in/#support-heading"
  }
}

19:59:27.895 assertion failed: path: $.data[0].last_name, actual: null, expected: 'Lawson', reason: actual json-path does not exist
19:59:27.911 skipping bootstrap configuration: could not find or read file: classpath:karate-config.js
19:59:27.917 request:
1 > GET https://reqres.in/api/users%3Fpage=3
1 > Accept-Encoding: gzip,deflate
1 > Connection: Keep-Alive
1 > Content-Type: application/json; charset=utf-8
1 > Host: reqres.in
1 > User-Agent: Apache-HttpClient/4.5.12 (Java/1.8.0_271)

19:59:29.223 response time in milliseconds: 1304.54
1 < 200
1 < Access-Control-Allow-Origin: *
1 < Age: 819
1 < CF-Cache-Status: HIT
1 < CF-RAY: 64e456ef4d9b0ab4-NRT
1 < Cache-Control: max-age=14400
1 < Connection: keep-alive
1 < Content-Type: application/json; charset=utf-8
1 < Date: Wed, 12 May 2021 14:29:30 GMT
1 < Etag: W/"2c1-N6Rqerxquq2kgQhL51EiSg4x0R8"
1 < Expect-CT: max-age=604800, report-uri="https://report-uri.cloudflare.com/cdn-cgi/beacon/expect-ct"
1 < NEL: {"report_to":"cf-nel","max_age":604800}
1 < Report-To: {"endpoints":[{"url":"https:\/\/a.nel.cloudflare.com\/report?s=FmEyusiw9WEbU2fBIAi192GbFdTTOG83bOqBxspWXMEeO926H7wQUG%2Fe7dHRjGdyF%2BXJMta70AvmA4K4ELlimNsYg3QOZMS9oos%3D"}],"group":"cf-nel","max_age":604800}
1 < Server: cloudflare
1 < Transfer-Encoding: chunked
1 < Vary: Accept-Encoding
1 < Via: 1.1 vegur
1 < X-Powered-By: Express
1 < alt-svc: h3-27=":443"; ma=86400, h3-28=":443"; ma=86400, h3-29=":443"; ma=86400
1 < cf-request-id: 0a0294a99100000ab4260a4000000001
{"page":1,"per_page":6,"total":12,"total_pages":2,"data":[{"id":1,"name":"cerulean","year":2000,"color":"#98B2D1","pantone_value":"15-4020"},{"id":2,"name":"fuchsia rose","year":2001,"color":"#C74375","pantone_value":"17-2031"},{"id":3,"name":"true red","year":2002,"color":"#BF1932","pantone_value":"19-1664"},{"id":4,"name":"aqua sky","year":2003,"color":"#7BC4C4","pantone_value":"14-4811"},{"id":5,"name":"tigerlily","year":2004,"color":"#E2583E","pantone_value":"17-1456"},{"id":6,"name":"blue turquoise","year":2005,"color":"#53B0AE","pantone_value":"15-5217"}],"support":{"url":"https://reqres.in/#support-heading","text":"To keep ReqRes free, contributions towards server costs are appreciated!"}}

19:59:29.225 [print] {
  "per_page": 6,
  "total": 12,
  "data": [
    {
      "color": "#98B2D1",
      "year": 2000,
      "name": "cerulean",
      "id": 1,
      "pantone_value": "15-4020"
    },
    {
      "color": "#C74375",
      "year": 2001,
      "name": "fuchsia rose",
      "id": 2,
      "pantone_value": "17-2031"
    },
    {
      "color": "#BF1932",
      "year": 2002,
      "name": "true red",
      "id": 3,
      "pantone_value": "19-1664"
    },
    {
      "color": "#7BC4C4",
      "year": 2003,
      "name": "aqua sky",
      "id": 4,
      "pantone_value": "14-4811"
    },
    {
      "color": "#E2583E",
      "year": 2004,
      "name": "tigerlily",
      "id": 5,
      "pantone_value": "17-1456"
    },
    {
      "color": "#53B0AE",
      "year": 2005,
      "name": "blue turquoise",
      "id": 6,
      "pantone_value": "15-5217"
    }
  ],
  "page": 1,
  "total_pages": 2,
  "support": {
    "text": "To keep ReqRes free, contributions towards server costs are appreciated!",
    "url": "https://reqres.in/#support-heading"
  }
}

19:59:29.329 skipping bootstrap configuration: could not find or read file: classpath:karate-config.js
19:59:29.677 request:
1 > POST https://reqres.in/api/users
1 > Accept-Encoding: gzip,deflate
1 > Connection: Keep-Alive
1 > Content-Length: 34
1 > Content-Type: application/json; charset=UTF-8
1 > Host: reqres.in
1 > User-Agent: Apache-HttpClient/4.5.12 (Java/1.8.0_271)
{"name":"morpheus","job":"leader"}

19:59:30.913 response time in milliseconds: 1234.10
1 < 201
1 < Access-Control-Allow-Origin: *
1 < CF-Cache-Status: DYNAMIC
1 < CF-RAY: 64e456f63d080af0-NRT
1 < Connection: keep-alive
1 < Content-Length: 84
1 < Content-Type: application/json; charset=utf-8
1 < Date: Wed, 12 May 2021 14:29:31 GMT
1 < Etag: W/"54-dSR8QiKnK3KEHXULyDYXfnAuuLk"
1 < Expect-CT: max-age=604800, report-uri="https://report-uri.cloudflare.com/cdn-cgi/beacon/expect-ct"
1 < NEL: {"report_to":"cf-nel","max_age":604800}
1 < Report-To: {"endpoints":[{"url":"https:\/\/a.nel.cloudflare.com\/report?s=hfpJSRm1xUU4Av3Et7c%2FB4U3jPorJqRobcpV6qEN898sSXzN1OXok9gNDQvs9T3egYDTFkDwudhW0ly6k9yfpxOfifz1CDALCpU%3D"}],"group":"cf-nel","max_age":604800}
1 < Server: cloudflare
1 < Via: 1.1 vegur
1 < X-Powered-By: Express
1 < alt-svc: h3-27=":443"; ma=86400, h3-28=":443"; ma=86400, h3-29=":443"; ma=86400
1 < cf-request-id: 0a0294ade400000af0d2b02000000001
{"name":"morpheus","job":"leader","id":"916","createdAt":"2021-05-12T14:29:31.646Z"}

19:59:30.914 [print] {
  "createdAt": "2021-05-12T14:29:31.646Z",
  "name": "morpheus",
  "id": "916",
  "job": "leader"
}

19:59:30.948 skipping bootstrap configuration: could not find or read file: classpath:karate-config.js
19:59:30.982 request:
1 > POST https://reqres.in/api/users
1 > Accept-Encoding: gzip,deflate
1 > Connection: Keep-Alive
1 > Content-Length: 45
1 > Content-Type: application/json; charset=UTF-8
1 > Host: reqres.in
1 > User-Agent: Apache-HttpClient/4.5.12 (Java/1.8.0_271)
{"fields":{"name":"morpheus","job":"leader"}}

19:59:32.397 response time in milliseconds: 1412.95
1 < 201
1 < Access-Control-Allow-Origin: *
1 < CF-Cache-Status: DYNAMIC
1 < CF-RAY: 64e456febae4efb2-NRT
1 < Connection: keep-alive
1 < Content-Length: 95
1 < Content-Type: application/json; charset=utf-8
1 < Date: Wed, 12 May 2021 14:29:33 GMT
1 < Etag: W/"5f-BK4C9qVHYES3DTgWb7g3DDtUvyY"
1 < Expect-CT: max-age=604800, report-uri="https://report-uri.cloudflare.com/cdn-cgi/beacon/expect-ct"
1 < NEL: {"report_to":"cf-nel","max_age":604800}
1 < Report-To: {"endpoints":[{"url":"https:\/\/a.nel.cloudflare.com\/report?s=UQaNI1325wA24SeptjNQ%2BNjQfB6gaVbIEql2VE7wnLTSGUho3tJp13XmPfGu23fZ8OSt8NCGBP%2BJLwZX8thlP%2FFfqH8yfDlM7gk%3D"}],"group":"cf-nel","max_age":604800}
1 < Server: cloudflare
1 < Via: 1.1 vegur
1 < X-Powered-By: Express
1 < alt-svc: h3-27=":443"; ma=86400, h3-28=":443"; ma=86400, h3-29=":443"; ma=86400
1 < cf-request-id: 0a0294b3300000efb271245000000001
{"fields":{"name":"morpheus","job":"leader"},"id":"637","createdAt":"2021-05-12T14:29:33.017Z"}

19:59:32.398 [print] {
  "createdAt": "2021-05-12T14:29:33.017Z",
  "id": "637",
  "fields": {
    "name": "morpheus",
    "job": "leader"
  }
}

19:59:32.412 [print] 637
19:59:32.445 skipping bootstrap configuration: could not find or read file: classpath:karate-config.js
19:59:32.478 request:
1 > POST https://reqres.in/api/users
1 > Accept-Encoding: gzip,deflate
1 > Connection: Keep-Alive
1 > Content-Length: 34
1 > Content-Type: application/json; charset=UTF-8
1 > Host: reqres.in
1 > User-Agent: Apache-HttpClient/4.5.12 (Java/1.8.0_271)
{"name":"morpheus","job":"leader"}

19:59:34.217 response time in milliseconds: 1738.84
1 < 201
1 < Access-Control-Allow-Origin: *
1 < CF-Cache-Status: DYNAMIC
1 < CF-RAY: 64e4570a8e5da510-NRT
1 < Connection: keep-alive
1 < Content-Length: 84
1 < Content-Type: application/json; charset=utf-8
1 < Date: Wed, 12 May 2021 14:29:35 GMT
1 < Etag: W/"54-17cpyormTLM1Ncm9W5Gj3HDT2UA"
1 < Expect-CT: max-age=604800, report-uri="https://report-uri.cloudflare.com/cdn-cgi/beacon/expect-ct"
1 < NEL: {"report_to":"cf-nel","max_age":604800}
1 < Report-To: {"endpoints":[{"url":"https:\/\/a.nel.cloudflare.com\/report?s=ZPOhNlhbMhUd3H6T%2FBqzJ0ckpi4XZiDIfBX%2Bzqa1qhpfqd9XDkfLDSZ5yIapXQR9WH38xO%2BR7ZFtkxQZYslvpUQ4RPYitB2i0O8%3D"}],"group":"cf-nel","max_age":604800}
1 < Server: cloudflare
1 < Via: 1.1 vegur
1 < X-Powered-By: Express
1 < alt-svc: h3-27=":443"; ma=86400, h3-28=":443"; ma=86400, h3-29=":443"; ma=86400
1 < cf-request-id: 0a0294ba910000a5105d834000000001
{"name":"morpheus","job":"leader","id":"891","createdAt":"2021-05-12T14:29:35.042Z"}

19:59:34.218 [print] {
  "createdAt": "2021-05-12T14:29:35.042Z",
  "name": "morpheus",
  "id": "891",
  "job": "leader"
}

19:59:34.242 request:
1 > PUT https://reqres.in/api/users/891
1 > Accept-Encoding: gzip,deflate
1 > Connection: Keep-Alive
1 > Content-Length: 53
1 > Content-Type: application/json; charset=UTF-8
1 > Host: reqres.in
1 > User-Agent: Apache-HttpClient/4.5.12 (Java/1.8.0_271)
{"fields":{"name":"morpheus","job":"karate-Learner"}}

19:59:35.880 response time in milliseconds: 1635.11
1 < 200
1 < Access-Control-Allow-Origin: *
1 < CF-Cache-Status: DYNAMIC
1 < CF-RAY: 64e4571548669515-NRT
1 < Connection: keep-alive
1 < Content-Type: application/json; charset=utf-8
1 < Date: Wed, 12 May 2021 14:29:36 GMT
1 < Etag: W/"5c-jCxbUAK/20CHeuV1e3HVE06mjl0"
1 < Expect-CT: max-age=604800, report-uri="https://report-uri.cloudflare.com/cdn-cgi/beacon/expect-ct"
1 < NEL: {"report_to":"cf-nel","max_age":604800}
1 < Report-To: {"endpoints":[{"url":"https:\/\/a.nel.cloudflare.com\/report?s=ecgRth9sFiSwOXdPyBL6kPSPpMwkq%2BDrnu3F%2FMKWm%2BolV68q776XyFAfOrGWW5KRK3kZLkkFZXXxfyxvzIMCunjmYtecTnjpFW8%3D"}],"group":"cf-nel","max_age":604800}
1 < Server: cloudflare
1 < Transfer-Encoding: chunked
1 < Vary: Accept-Encoding
1 < Via: 1.1 vegur
1 < X-Powered-By: Express
1 < alt-svc: h3-27=":443"; ma=86400, h3-28=":443"; ma=86400, h3-29=":443"; ma=86400
1 < cf-request-id: 0a0294c14a0000951596855000000001
{"fields":{"name":"morpheus","job":"karate-Learner"},"updatedAt":"2021-05-12T14:29:36.646Z"}

19:59:35.881 [print] {
  "fields": {
    "name": "morpheus",
    "job": "karate-Learner"
  },
  "updatedAt": "2021-05-12T14:29:36.646Z"
}

19:59:35.950 skipping bootstrap configuration: could not find or read file: classpath:karate-config.js
19:59:35.961 request:
1 > GET https://reqres.in/api/users%3Fpage=2
1 > Accept-Encoding: gzip,deflate
1 > Connection: Keep-Alive
1 > Content-Type: application/json; charset=utf-8
1 > Host: reqres.in
1 > User-Agent: Apache-HttpClient/4.5.12 (Java/1.8.0_271)

19:59:37.121 response time in milliseconds: 1158.53
1 < 200
1 < Access-Control-Allow-Origin: *
1 < Age: 829
1 < CF-Cache-Status: HIT
1 < CF-RAY: 64e45720a9a90aa4-NRT
1 < Cache-Control: max-age=14400
1 < Connection: keep-alive
1 < Content-Type: application/json; charset=utf-8
1 < Date: Wed, 12 May 2021 14:29:38 GMT
1 < Etag: W/"2c1-N6Rqerxquq2kgQhL51EiSg4x0R8"
1 < Expect-CT: max-age=604800, report-uri="https://report-uri.cloudflare.com/cdn-cgi/beacon/expect-ct"
1 < NEL: {"report_to":"cf-nel","max_age":604800}
1 < Report-To: {"endpoints":[{"url":"https:\/\/a.nel.cloudflare.com\/report?s=7kEm47xPwMJGPFe5OEuKKQfMRKvLfxmgDkOugjgCQ%2FLDlm16y0QN6yhMfS86Zy99wi18vETFZX08Db%2F4GVXWlcyBRYn8Rco7Cno%3D"}],"group":"cf-nel","max_age":604800}
1 < Server: cloudflare
1 < Transfer-Encoding: chunked
1 < Vary: Accept-Encoding
1 < Via: 1.1 vegur
1 < X-Powered-By: Express
1 < alt-svc: h3-27=":443"; ma=86400, h3-28=":443"; ma=86400, h3-29=":443"; ma=86400
1 < cf-request-id: 0a0294c86e00000aa46f9c1000000001
{"page":1,"per_page":6,"total":12,"total_pages":2,"data":[{"id":1,"name":"cerulean","year":2000,"color":"#98B2D1","pantone_value":"15-4020"},{"id":2,"name":"fuchsia rose","year":2001,"color":"#C74375","pantone_value":"17-2031"},{"id":3,"name":"true red","year":2002,"color":"#BF1932","pantone_value":"19-1664"},{"id":4,"name":"aqua sky","year":2003,"color":"#7BC4C4","pantone_value":"14-4811"},{"id":5,"name":"tigerlily","year":2004,"color":"#E2583E","pantone_value":"17-1456"},{"id":6,"name":"blue turquoise","year":2005,"color":"#53B0AE","pantone_value":"15-5217"}],"support":{"url":"https://reqres.in/#support-heading","text":"To keep ReqRes free, contributions towards server costs are appreciated!"}}

19:59:37.122 [print] {
  "per_page": 6,
  "total": 12,
  "data": [
    {
      "color": "#98B2D1",
      "year": 2000,
      "name": "cerulean",
      "id": 1,
      "pantone_value": "15-4020"
    },
    {
      "color": "#C74375",
      "year": 2001,
      "name": "fuchsia rose",
      "id": 2,
      "pantone_value": "17-2031"
    },
    {
      "color": "#BF1932",
      "year": 2002,
      "name": "true red",
      "id": 3,
      "pantone_value": "19-1664"
    },
    {
      "color": "#7BC4C4",
      "year": 2003,
      "name": "aqua sky",
      "id": 4,
      "pantone_value": "14-4811"
    },
    {
      "color": "#E2583E",
      "year": 2004,
      "name": "tigerlily",
      "id": 5,
      "pantone_value": "17-1456"
    },
    {
      "color": "#53B0AE",
      "year": 2005,
      "name": "blue turquoise",
      "id": 6,
      "pantone_value": "15-5217"
    }
  ],
  "page": 1,
  "total_pages": 2,
  "support": {
    "text": "To keep ReqRes free, contributions towards server costs are appreciated!",
    "url": "https://reqres.in/#support-heading"
  }
}

19:59:37.123 assertion failed: path: $.data[0].last_name, actual: null, expected: 'Lawson', reason: actual json-path does not exist
19:59:37.133 skipping bootstrap configuration: could not find or read file: classpath:karate-config.js
19:59:37.148 request:
1 > GET https://reqres.in/api/users/2
1 > Accept-Encoding: gzip,deflate
1 > Connection: Keep-Alive
1 > Content-Type: application/json; charset=utf-8
1 > Host: reqres.in
1 > User-Agent: Apache-HttpClient/4.5.12 (Java/1.8.0_271)

19:59:37.719 response time in milliseconds: 569.91
1 < 200
1 < Access-Control-Allow-Origin: *
1 < Age: 1418
1 < CF-Cache-Status: HIT
1 < CF-RAY: 64e457247e5aefaa-NRT
1 < Cache-Control: max-age=14400
1 < Connection: keep-alive
1 < Content-Type: application/json; charset=utf-8
1 < Date: Wed, 12 May 2021 14:29:38 GMT
1 < Etag: W/"118-pbdwwFo9SKNhD3Lx5iHJyngpq00"
1 < Expect-CT: max-age=604800, report-uri="https://report-uri.cloudflare.com/cdn-cgi/beacon/expect-ct"
1 < NEL: {"report_to":"cf-nel","max_age":604800}
1 < Report-To: {"endpoints":[{"url":"https:\/\/a.nel.cloudflare.com\/report?s=92U8WME%2FpZZ%2BNfAtdTtiOY7uPxT80fKXQrVUKbMJ%2FLb39swf5xgnCjTN%2BSOz28ZFu1PFUtq1nPpwHg4TCrrTuFxRy27AfpyDKmY%3D"}],"group":"cf-nel","max_age":604800}
1 < Server: cloudflare
1 < Transfer-Encoding: chunked
1 < Vary: Accept-Encoding
1 < Via: 1.1 vegur
1 < X-Powered-By: Express
1 < alt-svc: h3-27=":443"; ma=86400, h3-28=":443"; ma=86400, h3-29=":443"; ma=86400
1 < cf-request-id: 0a0294caca0000efaa94bec000000001
{"data":{"id":2,"email":"janet.weaver@reqres.in","first_name":"Janet","last_name":"Weaver","avatar":"https://reqres.in/img/faces/2-image.jpg"},"support":{"url":"https://reqres.in/#support-heading","text":"To keep ReqRes free, contributions towards server costs are appreciated!"}}

19:59:37.720 [print] {
  "data": {
    "last_name": "Weaver",
    "id": 2,
    "avatar": "https://reqres.in/img/faces/2-image.jpg",
    "first_name": "Janet",
    "email": "janet.weaver@reqres.in"
  },
  "support": {
    "text": "To keep ReqRes free, contributions towards server costs are appreciated!",
    "url": "https://reqres.in/#support-heading"
  }
}

